2024-10-30 02:53:29 Got a GET request on 
2024-10-30 02:53:29 Got a GET request on icon.svg
2024-10-30 02:53:29 Got a GET request on icon.svg
2024-10-30 02:53:31 Got a GET request on login
2024-10-30 02:53:31 Got a GET request on icon.svg
2024-10-30 02:53:31 Got a GET request on icon.svg
2024-10-30 02:53:33 Got a GET request on 
2024-10-30 02:53:33 Got a GET request on icon.svg
2024-10-30 02:53:33 Got a GET request on icon.svg
2024-10-30 02:53:34 Got a GET request on register
2024-10-30 02:53:34 Got a GET request on icon.svg
2024-10-30 02:53:34 Got a GET request on icon.svg
2024-10-30 02:53:42 Got a GET request on register
2024-10-30 02:53:42 Got a GET request on icon.svg
2024-10-30 02:53:42 Got a GET request on icon.svg
2024-10-30 02:53:43 Got a GET request on admin
2024-10-30 02:53:43 Got a GET request on icon.svg
2024-10-30 02:53:43 Got a GET request on icon.svg
2024-10-30 02:53:49 Got a POST request on admin
2024-10-30 02:53:49 Got a GET request on icon.svg
2024-10-30 02:53:49 Got a GET request on icon.svg
2024-10-30 02:53:58 Got a POST request on admin
2024-10-30 02:53:58 Got a GET request on icon.svg
2024-10-30 02:53:58 Got a GET request on icon.svg
2024-10-30 02:54:04 Got a POST request on admin
2024-10-30 02:54:04 Got a GET request on icon.svg
2024-10-30 02:54:04 Got a GET request on icon.svg
2024-10-30 02:56:06 Got a GET request on 
2024-10-30 02:56:06 Got a GET request on icon.svg
2024-10-30 02:56:06 Got a GET request on icon.svg
2024-10-30 02:56:07 Got a GET request on icon.svg
2024-10-30 02:56:08 Got a GET request on admin
2024-10-30 02:56:08 Got a GET request on icon.svg
2024-10-30 02:56:08 Got a GET request on icon.svg
2024-10-30 02:56:12 Got a POST request on admin
2024-10-30 02:56:12 Got a GET request on icon.svg
2024-10-30 02:56:12 Got a GET request on icon.svg
2024-10-30 02:57:03 Got a GET request on 
2024-10-30 02:57:03 Got a GET request on icon.svg
2024-10-30 02:57:04 Got a GET request on icon.svg
2024-10-30 02:57:05 Got a GET request on admin
2024-10-30 02:57:05 Got a GET request on icon.svg
2024-10-30 02:57:05 Got a GET request on icon.svg
2024-10-30 02:59:16 Got a GET request on 
2024-10-30 02:59:16 Got a GET request on icon.svg
2024-10-30 02:59:16 Got a GET request on icon.svg
2024-10-30 02:59:17 Got a GET request on admin
2024-10-30 02:59:17 Got a GET request on icon.svg
2024-10-30 02:59:17 Got a GET request on icon.svg
2024-10-30 02:59:19 Got a POST request on admin
2024-10-30 02:59:19 Got a GET request on icon.svg
2024-10-30 02:59:19 Got a GET request on icon.svg
2024-10-30 02:59:21 Got a POST request on admin
2024-10-30 02:59:21 Got a GET request on icon.svg
2024-10-30 02:59:21 Got a GET request on icon.svg
2024-10-30 02:59:22 Got a POST request on admin
2024-10-30 02:59:22 Got a GET request on icon.svg
2024-10-30 02:59:22 Got a GET request on icon.svg
2024-10-30 02:59:23 Got a POST request on admin
2024-10-30 02:59:23 Got a GET request on icon.svg
2024-10-30 02:59:23 Got a GET request on icon.svg
2024-10-30 02:59:24 Got a GET request on 
2024-10-30 02:59:25 Got a GET request on icon.svg
2024-10-30 02:59:25 Got a GET request on icon.svg
2024-10-30 02:59:25 Got a GET request on icon.svg
2024-10-30 02:59:29 Got a GET request on register
2024-10-30 02:59:29 Got a GET request on icon.svg
2024-10-30 02:59:29 Got a GET request on icon.svg
2024-10-30 02:59:35 Got a GET request on register
2024-10-30 02:59:35 Got a GET request on icon.svg
2024-10-30 02:59:35 Got a GET request on icon.svg
2024-10-30 03:01:11 Got a GET request on register
2024-10-30 03:01:11 Got a GET request on icon.svg
2024-10-30 03:01:11 Got a GET request on icon.svg
2024-10-30 03:01:12 Got a GET request on admin
2024-10-30 03:01:12 Got a GET request on icon.svg
2024-10-30 03:01:12 Got a GET request on icon.svg
2024-10-30 03:01:18 Got a POST request on admin
2024-10-30 03:01:18 Got a GET request on icon.svg
2024-10-30 03:01:18 Got a GET request on icon.svg
2024-10-30 03:01:26 Got a GET request on 
2024-10-30 03:01:26 Got a GET request on icon.svg
2024-10-30 03:01:26 Got a GET request on icon.svg
2024-10-30 03:01:53 Got a GET request on 
2024-10-30 03:01:53 Got a GET request on icon.svg
2024-10-30 03:01:53 Got a GET request on icon.svg
2024-10-30 03:02:18 Got a GET request on register
2024-10-30 03:02:18 Got a GET request on icon.svg
2024-10-30 03:02:19 Got a GET request on icon.svg
2024-10-30 03:02:21 Got a GET request on 
2024-10-30 03:02:21 Got a GET request on icon.svg
2024-10-30 03:02:21 Got a GET request on icon.svg
2024-10-30 03:02:22 Got a GET request on login
2024-10-30 03:02:22 Got a GET request on icon.svg
2024-10-30 03:02:22 Got a GET request on icon.svg
2024-10-30 03:02:27 Got a POST request on login
2024-10-30 03:02:27 Got a GET request on 
2024-10-30 03:02:27 Got a GET request on icon.svg
2024-10-30 03:02:27 Got a GET request on icon.svg
2024-10-30 03:02:30 Got a GET request on subscriptions
2024-10-30 03:02:30 Got a GET request on icon.svg
2024-10-30 03:02:30 Got a GET request on icon.svg
2024-10-30 03:02:32 Got a GET request on 
2024-10-30 03:02:32 Got a GET request on icon.svg
2024-10-30 03:02:32 Got a GET request on icon.svg
2024-10-30 03:02:32 Got a GET request on logout
2024-10-30 03:02:33 Got a GET request on 
2024-10-30 03:02:33 Got a GET request on icon.svg
2024-10-30 03:02:33 Got a GET request on icon.svg
2024-10-30 03:02:34 Got a GET request on admin
2024-10-30 03:02:34 Got a GET request on icon.svg
2024-10-30 03:02:34 Got a GET request on icon.svg
2024-10-30 03:02:36 Got a POST request on admin
2024-10-30 03:02:36 Got a GET request on icon.svg
2024-10-30 03:02:36 Got a GET request on icon.svg
2024-10-30 03:02:42 Got a POST request on admin
2024-10-30 03:02:42 Got a GET request on icon.svg
2024-10-30 03:02:42 Got a GET request on icon.svg
2024-10-30 03:02:44 Got a POST request on admin
2024-10-30 03:02:44 Got a GET request on icon.svg
2024-10-30 03:02:44 Got a GET request on icon.svg
2024-10-30 03:02:46 Got a POST request on admin
2024-10-30 03:02:46 Got a GET request on icon.svg
2024-10-30 03:02:46 Got a GET request on icon.svg
2024-10-30 03:02:49 Got a POST request on admin
2024-10-30 03:02:49 Got a GET request on icon.svg
2024-10-30 03:02:49 Got a GET request on icon.svg
2024-10-30 03:04:31 Got a GET request on admin
2024-10-30 03:04:31 Got a GET request on icon.svg
2024-10-30 03:04:31 Got a GET request on icon.svg
2024-10-30 03:04:36 Got a GET request on 
2024-10-30 03:04:36 Got a GET request on icon.svg
2024-10-30 03:04:36 Got a GET request on icon.svg
2024-10-30 03:06:52 Got a GET request on 
2024-10-30 03:06:52 Got a GET request on icon.svg
2024-10-30 03:06:53 Got a GET request on icon.svg
2024-10-30 03:07:05 Got a GET request on 
2024-10-30 03:07:05 Got a GET request on icon.svg
2024-10-30 03:07:05 Got a GET request on icon.svg
2024-10-30 03:07:07 Got a GET request on admin
2024-10-30 03:07:07 Got a GET request on icon.svg
2024-10-30 03:07:07 Got a GET request on icon.svg
2024-10-30 03:07:10 Got a GET request on 
2024-10-30 03:07:10 Got a GET request on icon.svg
2024-10-30 03:07:10 Got a GET request on icon.svg
2024-10-30 03:08:12 Got a GET request on 
2024-10-30 03:08:12 Got a GET request on icon.svg
2024-10-30 03:08:12 Got a GET request on icon.svg
2024-10-30 03:08:14 Got a GET request on admin
2024-10-30 03:08:14 Got a GET request on icon.svg
2024-10-30 03:08:15 Got a GET request on icon.svg
2024-10-30 03:08:16 Got a GET request on 
2024-10-30 03:08:16 Got a GET request on icon.svg
2024-10-30 03:08:16 Got a GET request on icon.svg
2024-10-30 03:08:17 Got a GET request on login
2024-10-30 03:08:17 Got a GET request on icon.svg
2024-10-30 03:08:17 Got a GET request on icon.svg
2024-10-30 03:08:18 Got a GET request on 
2024-10-30 03:08:18 Got a GET request on icon.svg
2024-10-30 03:08:18 Got a GET request on icon.svg
2024-10-30 03:08:19 Got a GET request on admin
2024-10-30 03:08:19 Got a GET request on icon.svg
2024-10-30 03:08:19 Got a GET request on icon.svg
2024-10-30 03:08:20 Got a GET request on 
2024-10-30 03:08:20 Got a GET request on icon.svg
2024-10-30 03:08:20 Got a GET request on icon.svg
2024-10-30 03:08:35 Got a GET request on admin
2024-10-30 03:08:35 Got a GET request on icon.svg
2024-10-30 03:08:35 Got a GET request on icon.svg
2024-10-30 03:08:36 Got a GET request on 
2024-10-30 03:08:36 Got a GET request on icon.svg
2024-10-30 03:08:37 Got a GET request on icon.svg
2024-10-30 03:08:37 Got a GET request on login
2024-10-30 03:08:37 Got a GET request on icon.svg
2024-10-30 03:08:37 Got a GET request on icon.svg
2024-10-30 03:08:39 Got a GET request on 
2024-10-30 03:08:39 Got a GET request on icon.svg
2024-10-30 03:08:39 Got a GET request on icon.svg
2024-10-30 03:08:41 Got a GET request on admin
2024-10-30 03:08:41 Got a GET request on icon.svg
2024-10-30 03:08:41 Got a GET request on icon.svg
2024-10-30 03:08:42 Got a GET request on 
2024-10-30 03:08:42 Got a GET request on icon.svg
2024-10-30 03:08:42 Got a GET request on icon.svg
