[30-Oct-2024 02:53:19 UTC] Error: Undefined constant "PASSWORD" in C:\www\opodsync\data\config.local.php:9
Stack trace:
#0 C:\www\opodsync\index.php(67): require()
#1 {main}
[30-Oct-2024 02:53:19 UTC] Error: Undefined constant "PASSWORD" in C:\www\opodsync\data\config.local.php:9
Stack trace:
#0 C:\www\opodsync\index.php(67): require()
#1 {main}
[30-Oct-2024 02:53:19 UTC] Array
(
    [0] => Array
        (
            [function] => {closure}
            [args] => Array
                (
                    [0] => Error Object
                        (
                            [message:protected] => Undefined constant "PASSWORD"
                            [string:Error:private] => Error: Undefined constant "PASSWORD" in C:\www\opodsync\data\config.local.php:9
Stack trace:
#0 C:\www\opodsync\index.php(67): require()
#1 {main}
                            [code:protected] => 0
                            [file:protected] => C:\www\opodsync\data\config.local.php
                            [line:protected] => 9
                            [trace:Error:private] => Array
                                (
                                    [0] => Array
                                        (
                                            [file] => C:\www\opodsync\index.php
                                            [line] => 67
                                            [function] => require
                                        )

                                )

                            [previous:Error:private] => 
                        )

                )

        )

)

[30-Oct-2024 02:58:40 UTC] ErrorException: Constant ADMIN_PASSWORD already defined in C:\www\opodsync\index.php:82
Stack trace:
#0 C:\www\opodsync\index.php(82): {closure}(2, 'Constant ADMIN_...', 'C:\\www\\opodsync...', 82)
#1 {main}
[30-Oct-2024 02:58:40 UTC] ErrorException: Constant ADMIN_PASSWORD already defined in C:\www\opodsync\index.php:82
Stack trace:
#0 C:\www\opodsync\index.php(82): {closure}(2, 'Constant ADMIN_...', 'C:\\www\\opodsync...', 82)
#1 {main}
[30-Oct-2024 02:58:40 UTC] Array
(
    [0] => Array
        (
            [file] => C:\www\opodsync\index.php
            [line] => 82
            [function] => {closure}
            [args] => Array
                (
                    [0] => 2
                    [1] => Constant ADMIN_PASSWORD already defined
                    [2] => C:\www\opodsync\index.php
                    [3] => 82
                )

        )

)

[30-Oct-2024 02:58:41 UTC] ErrorException: Constant ADMIN_PASSWORD already defined in C:\www\opodsync\index.php:82
Stack trace:
#0 C:\www\opodsync\index.php(82): {closure}(2, 'Constant ADMIN_...', 'C:\\www\\opodsync...', 82)
#1 {main}
[30-Oct-2024 02:58:41 UTC] ErrorException: Constant ADMIN_PASSWORD already defined in C:\www\opodsync\index.php:82
Stack trace:
#0 C:\www\opodsync\index.php(82): {closure}(2, 'Constant ADMIN_...', 'C:\\www\\opodsync...', 82)
#1 {main}
[30-Oct-2024 02:58:41 UTC] Array
(
    [0] => Array
        (
            [file] => C:\www\opodsync\index.php
            [line] => 82
            [function] => {closure}
            [args] => Array
                (
                    [0] => 2
                    [1] => Constant ADMIN_PASSWORD already defined
                    [2] => C:\www\opodsync\index.php
                    [3] => 82
                )

        )

)

[30-Oct-2024 02:58:41 UTC] ErrorException: Constant ADMIN_PASSWORD already defined in C:\www\opodsync\index.php:82
Stack trace:
#0 C:\www\opodsync\index.php(82): {closure}(2, 'Constant ADMIN_...', 'C:\\www\\opodsync...', 82)
#1 {main}
[30-Oct-2024 02:58:41 UTC] ErrorException: Constant ADMIN_PASSWORD already defined in C:\www\opodsync\index.php:82
Stack trace:
#0 C:\www\opodsync\index.php(82): {closure}(2, 'Constant ADMIN_...', 'C:\\www\\opodsync...', 82)
#1 {main}
[30-Oct-2024 02:58:41 UTC] Array
(
    [0] => Array
        (
            [file] => C:\www\opodsync\index.php
            [line] => 82
            [function] => {closure}
            [args] => Array
                (
                    [0] => 2
                    [1] => Constant ADMIN_PASSWORD already defined
                    [2] => C:\www\opodsync\index.php
                    [3] => 82
                )

        )

)

[30-Oct-2024 02:58:42 UTC] ErrorException: Constant ADMIN_PASSWORD already defined in C:\www\opodsync\index.php:82
Stack trace:
#0 C:\www\opodsync\index.php(82): {closure}(2, 'Constant ADMIN_...', 'C:\\www\\opodsync...', 82)
#1 {main}
[30-Oct-2024 02:58:42 UTC] ErrorException: Constant ADMIN_PASSWORD already defined in C:\www\opodsync\index.php:82
Stack trace:
#0 C:\www\opodsync\index.php(82): {closure}(2, 'Constant ADMIN_...', 'C:\\www\\opodsync...', 82)
#1 {main}
[30-Oct-2024 02:58:42 UTC] Array
(
    [0] => Array
        (
            [file] => C:\www\opodsync\index.php
            [line] => 82
            [function] => {closure}
            [args] => Array
                (
                    [0] => 2
                    [1] => Constant ADMIN_PASSWORD already defined
                    [2] => C:\www\opodsync\index.php
                    [3] => 82
                )

        )

)

[30-Oct-2024 02:58:42 UTC] ErrorException: Constant ADMIN_PASSWORD already defined in C:\www\opodsync\index.php:82
Stack trace:
#0 C:\www\opodsync\index.php(82): {closure}(2, 'Constant ADMIN_...', 'C:\\www\\opodsync...', 82)
#1 {main}
[30-Oct-2024 02:58:42 UTC] ErrorException: Constant ADMIN_PASSWORD already defined in C:\www\opodsync\index.php:82
Stack trace:
#0 C:\www\opodsync\index.php(82): {closure}(2, 'Constant ADMIN_...', 'C:\\www\\opodsync...', 82)
#1 {main}
[30-Oct-2024 02:58:42 UTC] Array
(
    [0] => Array
        (
            [file] => C:\www\opodsync\index.php
            [line] => 82
            [function] => {closure}
            [args] => Array
                (
                    [0] => 2
                    [1] => Constant ADMIN_PASSWORD already defined
                    [2] => C:\www\opodsync\index.php
                    [3] => 82
                )

        )

)

[30-Oct-2024 02:58:42 UTC] ErrorException: Constant ADMIN_PASSWORD already defined in C:\www\opodsync\index.php:82
Stack trace:
#0 C:\www\opodsync\index.php(82): {closure}(2, 'Constant ADMIN_...', 'C:\\www\\opodsync...', 82)
#1 {main}
[30-Oct-2024 02:58:42 UTC] ErrorException: Constant ADMIN_PASSWORD already defined in C:\www\opodsync\index.php:82
Stack trace:
#0 C:\www\opodsync\index.php(82): {closure}(2, 'Constant ADMIN_...', 'C:\\www\\opodsync...', 82)
#1 {main}
[30-Oct-2024 02:58:42 UTC] Array
(
    [0] => Array
        (
            [file] => C:\www\opodsync\index.php
            [line] => 82
            [function] => {closure}
            [args] => Array
                (
                    [0] => 2
                    [1] => Constant ADMIN_PASSWORD already defined
                    [2] => C:\www\opodsync\index.php
                    [3] => 82
                )

        )

)

[30-Oct-2024 02:58:52 UTC] ErrorException: Constant ADMIN_PASSWORD already defined in C:\www\opodsync\index.php:82
Stack trace:
#0 C:\www\opodsync\index.php(82): {closure}(2, 'Constant ADMIN_...', 'C:\\www\\opodsync...', 82)
#1 {main}
[30-Oct-2024 02:58:52 UTC] ErrorException: Constant ADMIN_PASSWORD already defined in C:\www\opodsync\index.php:82
Stack trace:
#0 C:\www\opodsync\index.php(82): {closure}(2, 'Constant ADMIN_...', 'C:\\www\\opodsync...', 82)
#1 {main}
[30-Oct-2024 02:58:52 UTC] Array
(
    [0] => Array
        (
            [file] => C:\www\opodsync\index.php
            [line] => 82
            [function] => {closure}
            [args] => Array
                (
                    [0] => 2
                    [1] => Constant ADMIN_PASSWORD already defined
                    [2] => C:\www\opodsync\index.php
                    [3] => 82
                )

        )

)

[30-Oct-2024 02:58:53 UTC] ErrorException: Constant ADMIN_PASSWORD already defined in C:\www\opodsync\index.php:82
Stack trace:
#0 C:\www\opodsync\index.php(82): {closure}(2, 'Constant ADMIN_...', 'C:\\www\\opodsync...', 82)
#1 {main}
[30-Oct-2024 02:58:53 UTC] ErrorException: Constant ADMIN_PASSWORD already defined in C:\www\opodsync\index.php:82
Stack trace:
#0 C:\www\opodsync\index.php(82): {closure}(2, 'Constant ADMIN_...', 'C:\\www\\opodsync...', 82)
#1 {main}
[30-Oct-2024 02:58:53 UTC] Array
(
    [0] => Array
        (
            [file] => C:\www\opodsync\index.php
            [line] => 82
            [function] => {closure}
            [args] => Array
                (
                    [0] => 2
                    [1] => Constant ADMIN_PASSWORD already defined
                    [2] => C:\www\opodsync\index.php
                    [3] => 82
                )

        )

)

[30-Oct-2024 03:32:25 UTC] PHP Warning:  require(C:\www\opodsync\inc/../views/admin/login.php): Failed to open stream: No such file or directory in C:\www\opodsync\inc\functions.php on line 18
[30-Oct-2024 03:32:25 UTC] PHP Fatal error:  Uncaught Error: Failed opening required 'C:\www\opodsync\inc/../views/admin/login.php' (include_path='.;C:/laragon/etc/php/pear') in C:\www\opodsync\inc\functions.php:18
Stack trace:
#0 C:\www\opodsync\index.php(113): view('admin/login', Array)
#1 {main}
  thrown in C:\www\opodsync\inc\functions.php on line 18
[30-Oct-2024 03:33:12 UTC] PHP Warning:  require(C:\www\opodsync\inc/../views/admin/login.php): Failed to open stream: No such file or directory in C:\www\opodsync\inc\functions.php on line 18
[30-Oct-2024 03:33:12 UTC] PHP Fatal error:  Uncaught Error: Failed opening required 'C:\www\opodsync\inc/../views/admin/login.php' (include_path='.;C:/laragon/etc/php/pear') in C:\www\opodsync\inc\functions.php:18
Stack trace:
#0 C:\www\opodsync\index.php(113): view('admin/login', Array)
#1 {main}
  thrown in C:\www\opodsync\inc\functions.php on line 18
[30-Oct-2024 03:34:06 UTC] PHP Warning:  require(C:\www\opodsync\inc/../views/admin/login.php): Failed to open stream: No such file or directory in C:\www\opodsync\inc\functions.php on line 18
[30-Oct-2024 03:34:06 UTC] PHP Fatal error:  Uncaught Error: Failed opening required 'C:\www\opodsync\inc/../views/admin/login.php' (include_path='.;C:/laragon/etc/php/pear') in C:\www\opodsync\inc\functions.php:18
Stack trace:
#0 C:\www\opodsync\index.php(113): view('admin/login', Array)
#1 {main}
  thrown in C:\www\opodsync\inc\functions.php on line 18
[30-Oct-2024 03:40:13 UTC] PHP Warning:  require(C:\www\opodsync\inc/../views/layout/admin.php): Failed to open stream: No such file or directory in C:\www\opodsync\inc\functions.php on line 13
[30-Oct-2024 03:40:13 UTC] PHP Fatal error:  Uncaught Error: Failed opening required 'C:\www\opodsync\inc/../views/layout/admin.php' (include_path='.;C:/laragon/etc/php/pear') in C:\www\opodsync\inc\functions.php:13
Stack trace:
#0 C:\www\opodsync\index.php(158): view('admin/users', Array, 'admin')
#1 {main}
  thrown in C:\www\opodsync\inc\functions.php on line 13
[30-Oct-2024 18:43:07 UTC] PHP Fatal error:  Uncaught Error: Object of class stdClass could not be converted to string in C:\www\opodsync\index.php:206
Stack trace:
#0 {main}
  thrown in C:\www\opodsync\index.php on line 206
[30-Oct-2024 18:43:08 UTC] PHP Fatal error:  Uncaught Error: Object of class stdClass could not be converted to string in C:\www\opodsync\index.php:206
Stack trace:
#0 {main}
  thrown in C:\www\opodsync\index.php on line 206
[30-Oct-2024 18:43:08 UTC] PHP Fatal error:  Uncaught Error: Object of class stdClass could not be converted to string in C:\www\opodsync\index.php:206
Stack trace:
#0 {main}
  thrown in C:\www\opodsync\index.php on line 206
[30-Oct-2024 18:43:08 UTC] PHP Fatal error:  Uncaught Error: Object of class stdClass could not be converted to string in C:\www\opodsync\index.php:206
Stack trace:
#0 {main}
  thrown in C:\www\opodsync\index.php on line 206
[30-Oct-2024 18:43:38 UTC] PHP Fatal error:  Uncaught Error: Object of class stdClass could not be converted to string in C:\www\opodsync\index.php:207
Stack trace:
#0 {main}
  thrown in C:\www\opodsync\index.php on line 207
[30-Oct-2024 18:43:38 UTC] PHP Fatal error:  Uncaught Error: Object of class stdClass could not be converted to string in C:\www\opodsync\index.php:207
Stack trace:
#0 {main}
  thrown in C:\www\opodsync\index.php on line 207
[30-Oct-2024 18:43:38 UTC] PHP Fatal error:  Uncaught Error: Object of class stdClass could not be converted to string in C:\www\opodsync\index.php:207
Stack trace:
#0 {main}
  thrown in C:\www\opodsync\index.php on line 207
[30-Oct-2024 18:43:39 UTC] PHP Fatal error:  Uncaught Error: Object of class stdClass could not be converted to string in C:\www\opodsync\index.php:207
Stack trace:
#0 {main}
  thrown in C:\www\opodsync\index.php on line 207
[30-Oct-2024 18:44:39 UTC] PHP Fatal error:  Uncaught Error: Object of class stdClass could not be converted to string in C:\www\opodsync\index.php:209
Stack trace:
#0 {main}
  thrown in C:\www\opodsync\index.php on line 209
[30-Oct-2024 18:44:58 UTC] PHP Fatal error:  Uncaught Error: Object of class stdClass could not be converted to string in C:\www\opodsync\index.php:210
Stack trace:
#0 {main}
  thrown in C:\www\opodsync\index.php on line 210
[30-Oct-2024 18:45:09 UTC] PHP Fatal error:  Uncaught Error: Cannot use object of type stdClass as array in C:\www\opodsync\index.php:207
Stack trace:
#0 {main}
  thrown in C:\www\opodsync\index.php on line 207
